C:\Program Files (x86)\MSBuild\Microsoft.Cpp\v4.0\V140\Microsoft.CppBuild.targets(392,5): warning MSB8028: The intermediate directory (x64\Debug\) contains files shared from another project ([Lab3] 2016104159_컴퓨터공학과_장원석.vcxproj).  This can lead to incorrect clean and rebuild behavior.
  Client.cpp
c:\users\wonseok\desktop\저압축\[lab3] 2016104159_컴퓨터공학과_장원석\doublylist.cpp(16): warning C4101: 'i' :참조되지 않은 지역 변수입니다.
  c:\users\wonseok\desktop\저압축\[lab3] 2016104159_컴퓨터공학과_장원석\doublylist.cpp(15): note: 클래스 템플릿 멤버 함수 'void DoublyList<Chat>::addItem(T *)'을(를) 컴파일하고 있습니다.
          with
          [
              T=Chat
          ]
  c:\users\wonseok\desktop\저압축\[lab3] 2016104159_컴퓨터공학과_장원석\client.cpp(56): note: 컴파일 중인 함수 템플릿 인스턴스화 'void DoublyList<Chat>::addItem(T *)'에 대한 참조를 확인하십시오.
          with
          [
              T=Chat
          ]
  c:\users\wonseok\desktop\저압축\[lab3] 2016104159_컴퓨터공학과_장원석\server.h(22): note: 컴파일 중인 클래스 템플릿 인스턴스화 'DoublyList<Chat>'에 대한 참조를 확인하십시오.
  코드를 생성하고 있습니다...
c:\users\wonseok\desktop\저압축\[lab3] 2016104159_컴퓨터공학과_장원석\doublylist.cpp(59): warning C4715: 'DoublyList<FriendList>::ToRightFindUserByID': 모든 제어 경로에서 값을 반환하지는 않습니다.
c:\users\wonseok\desktop\저압축\[lab3] 2016104159_컴퓨터공학과_장원석\doublylist.cpp(59): warning C4715: 'DoublyList<MemberType>::ToRightFindUserByID': 모든 제어 경로에서 값을 반환하지는 않습니다.
c:\users\wonseok\desktop\저압축\[lab3] 2016104159_컴퓨터공학과_장원석\doublylist.cpp(77): warning C4715: 'DoublyList<Chat>::GetLastId': 모든 제어 경로에서 값을 반환하지는 않습니다.
  컴파일하고 있습니다...
  UserInterface.cpp
c:\users\wonseok\desktop\저압축\[lab3] 2016104159_컴퓨터공학과_장원석\userinterface.cpp(212): warning C4838: 'int'에서 'SHORT'(으)로의 변환에는 축소 변환이 필요합니다.
  Server.cpp
c:\users\wonseok\desktop\저압축\[lab3] 2016104159_컴퓨터공학과_장원석\server.cpp(148): warning C4101: 'tmpId1' :참조되지 않은 지역 변수입니다.
c:\users\wonseok\desktop\저압축\[lab3] 2016104159_컴퓨터공학과_장원석\server.cpp(148): warning C4101: 'tmpId2' :참조되지 않은 지역 변수입니다.
c:\users\wonseok\desktop\저압축\[lab3] 2016104159_컴퓨터공학과_장원석\doublylist.cpp(16): warning C4101: 'i' :참조되지 않은 지역 변수입니다.
  c:\users\wonseok\desktop\저압축\[lab3] 2016104159_컴퓨터공학과_장원석\doublylist.cpp(15): note: 클래스 템플릿 멤버 함수 'void DoublyList<FriendList>::addItem(T *)'을(를) 컴파일하고 있습니다.
          with
          [
              T=FriendList
          ]
  c:\users\wonseok\desktop\저압축\[lab3] 2016104159_컴퓨터공학과_장원석\server.cpp(166): note: 컴파일 중인 함수 템플릿 인스턴스화 'void DoublyList<FriendList>::addItem(T *)'에 대한 참조를 확인하십시오.
          with
          [
              T=FriendList
          ]
  c:\users\wonseok\desktop\저압축\[lab3] 2016104159_컴퓨터공학과_장원석\user.h(30): note: 컴파일 중인 클래스 템플릿 인스턴스화 'DoublyList<FriendList>'에 대한 참조를 확인하십시오.
  main.cpp
  코드를 생성하고 있습니다...
c:\users\wonseok\desktop\저압축\[lab3] 2016104159_컴퓨터공학과_장원석\doublylist.cpp(59): warning C4715: 'DoublyList<MemberType>::ToRightFindUserByID': 모든 제어 경로에서 값을 반환하지는 않습니다.
c:\users\wonseok\desktop\저압축\[lab3] 2016104159_컴퓨터공학과_장원석\userinterface.cpp(119): warning C4715: 'PrintAfterFriendList': 모든 제어 경로에서 값을 반환하지는 않습니다.
  건너뛰고 있습니다... (관련된 변경 내용 없음)
  DoublyList.cpp
  [Lab3] 2016104159_컴퓨터공학과_장원석.vcxproj -> C:\Users\wonseok\Desktop\저압축\x64\Debug\[Lab4] 2016104159_컴퓨터공학과_장원석.exe
  [Lab3] 2016104159_컴퓨터공학과_장원석.vcxproj -> C:\Users\wonseok\Desktop\저압축\x64\Debug\[Lab4] 2016104159_컴퓨터공학과_장원석.pdb (Full PDB)
